***Started with pid = 3836@DESKTOP-UFD75BV***
———————————————————————————————————————————————
| Generation | GC name             | Duration |
———————————————————————————————————————————————
| YOUNG      | ParNew              | 4        |
———————————————————————————————————————————————
| YOUNG      | ParNew              | 103      |
———————————————————————————————————————————————
| YOUNG      | ParNew              | 38       |
———————————————————————————————————————————————
| OLD        | ConcurrentMarkSweep | 62       |
———————————————————————————————————————————————
| OLD        | ConcurrentMarkSweep | 5129     |
———————————————————————————————————————————————
| OLD        | ConcurrentMarkSweep | 216      |
———————————————————————————————————————————————
| YOUNG      | ParNew              | 48       |
———————————————————————————————————————————————
| OLD        | ConcurrentMarkSweep | 1514     |
———————————————————————————————————————————————
| OLD        | ConcurrentMarkSweep | 87       |
———————————————————————————————————————————————
| OLD        | ConcurrentMarkSweep | 86       |
———————————————————————————————————————————————
| OLD        | ConcurrentMarkSweep | 87       |
———————————————————————————————————————————————
| OLD        | ConcurrentMarkSweep | 86       |
———————————————————————————————————————————————
| OLD        | ConcurrentMarkSweep | 87       |
———————————————————————————————————————————————
| OLD        | ConcurrentMarkSweep | 87       |
———————————————————————————————————————————————
| OLD        | ConcurrentMarkSweep | 87       |
———————————————————————————————————————————————
| OLD        | ConcurrentMarkSweep | 87       |
———————————————————————————————————————————————
| YOUNG      | ParNew              | 0        |
———————————————————————————————————————————————
| OLD        | ConcurrentMarkSweep | 174      |
———————————————————————————————————————————————
| OLD        | ConcurrentMarkSweep | 201      |
———————————————————————————————————————————————
| OLD        | ConcurrentMarkSweep | 145      |
———————————————————————————————————————————————
| OLD        | ConcurrentMarkSweep | 143      |
———————————————————————————————————————————————
| OLD        | ConcurrentMarkSweep | 144      |
———————————————————————————————————————————————
| OLD        | ConcurrentMarkSweep | 143      |
———————————————————————————————————————————————
| OLD        | ConcurrentMarkSweep | 159      |
———————————————————————————————————————————————
| OLD        | ConcurrentMarkSweep | 143      |
———————————————————————————————————————————————
| OLD        | ConcurrentMarkSweep | 143      |
———————————————————————————————————————————————
| OLD        | ConcurrentMarkSweep | 158      |
———————————————————————————————————————————————
| OLD        | ConcurrentMarkSweep | 142      |
———————————————————————————————————————————————
| YOUNG      | ParNew              | 0        |
———————————————————————————————————————————————
| OLD        | ConcurrentMarkSweep | 196      |
———————————————————————————————————————————————
| OLD        | ConcurrentMarkSweep | 206      |
———————————————————————————————————————————————
| OLD        | ConcurrentMarkSweep | 161      |
———————————————————————————————————————————————
| YOUNG      | ParNew              | 0        |
———————————————————————————————————————————————
| OLD        | ConcurrentMarkSweep | 198      |
———————————————————————————————————————————————
| OLD        | ConcurrentMarkSweep | 233      |
———————————————————————————————————————————————
| OLD        | ConcurrentMarkSweep | 162      |
———————————————————————————————————————————————
| OLD        | ConcurrentMarkSweep | 162      |
———————————————————————————————————————————————
Caught OutOfMemoryError
Report:
YOUNG: 7
OLD: 27
total duration: 10264ms
total application live time: 65s
