***Started with pid = 8036@DESKTOP-UFD75BV***
———————————————————————————————————————
| Minute | Young | Old | Duration, ms |
———————————————————————————————————————
| 1      | 4     | 0   | 58           |
———————————————————————————————————————
| 2      | 2     | 0   | 41           |
———————————————————————————————————————
| 3      | 3     | 0   | 36           |
———————————————————————————————————————
| 4      | 1     | 0   | 15           |
———————————————————————————————————————
| 5      | 4     | 1   | 318          |
———————————————————————————————————————
| 6      | 2     | 0   | 23           |
———————————————————————————————————————
| 7      | 3     | 1   | 326          |
———————————————————————————————————————
| 8      | 2     | 1   | 337          |
———————————————————————————————————————
Caught OutOfMemoryError
Total application live time: 447s
