***Started with pid = 6656@DESKTOP-UFD75BV***
———————————————————————————————————————————————
| Generation | GC name             | Duration |
———————————————————————————————————————————————
| YOUNG      | PS Scavenge         | 19       |
———————————————————————————————————————————————
| YOUNG      | PS Scavenge         | 23       |
———————————————————————————————————————————————
| YOUNG      | PS Scavenge         | 35       |
———————————————————————————————————————————————
| OLD        | PS MarkSweep        | 402      |
———————————————————————————————————————————————
| OLD        | PS MarkSweep        | 494      |
———————————————————————————————————————————————
| OLD        | PS MarkSweep        | 417      |
———————————————————————————————————————————————
| OLD        | PS MarkSweep        | 466      |
———————————————————————————————————————————————
| OLD        | PS MarkSweep        | 461      |
———————————————————————————————————————————————
| OLD        | PS MarkSweep        | 411      |
———————————————————————————————————————————————
| OLD        | PS MarkSweep        | 401      |
———————————————————————————————————————————————
| OLD        | PS MarkSweep        | 397      |
———————————————————————————————————————————————
| OLD        | PS MarkSweep        | 404      |
———————————————————————————————————————————————
| OLD        | PS MarkSweep        | 410      |
———————————————————————————————————————————————
| OLD        | PS MarkSweep        | 409      |
———————————————————————————————————————————————
| OLD        | PS MarkSweep        | 411      |
———————————————————————————————————————————————
| OLD        | PS MarkSweep        | 409      |
———————————————————————————————————————————————
| OLD        | PS MarkSweep        | 412      |
———————————————————————————————————————————————
| OLD        | PS MarkSweep        | 408      |
———————————————————————————————————————————————
| OLD        | PS MarkSweep        | 409      |
———————————————————————————————————————————————
| OLD        | PS MarkSweep        | 410      |
———————————————————————————————————————————————
| OLD        | PS MarkSweep        | 409      |
———————————————————————————————————————————————
| OLD        | PS MarkSweep        | 409      |
———————————————————————————————————————————————
| OLD        | PS MarkSweep        | 408      |
———————————————————————————————————————————————
| OLD        | PS MarkSweep        | 409      |
———————————————————————————————————————————————
| OLD        | PS MarkSweep        | 409      |
———————————————————————————————————————————————
Caught OutOfMemoryError
Report:
YOUNG: 3
OLD: 4
total duration: 1856ms
total application live time: 72s