***Started with pid = 7248@DESKTOP-UFD75BV***
———————————————————————————————————————————————
| Generation | GC name             | Duration |
———————————————————————————————————————————————
| YOUNG      | Copy                | 6        |
———————————————————————————————————————————————
| YOUNG      | Copy                | 33       |
———————————————————————————————————————————————
| YOUNG      | Copy                | 37       |
———————————————————————————————————————————————
| YOUNG      | Copy                | 0        |
———————————————————————————————————————————————
| OLD        | MarkSweepCompact    | 107      |
———————————————————————————————————————————————
| YOUNG      | Copy                | 0        |
———————————————————————————————————————————————
| OLD        | MarkSweepCompact    | 128      |
———————————————————————————————————————————————
| OLD        | MarkSweepCompact    | 121      |
———————————————————————————————————————————————
| OLD        | MarkSweepCompact    | 149      |
———————————————————————————————————————————————
| OLD        | MarkSweepCompact    | 124      |
———————————————————————————————————————————————
| OLD        | MarkSweepCompact    | 119      |
———————————————————————————————————————————————
| OLD        | MarkSweepCompact    | 118      |
———————————————————————————————————————————————
| OLD        | MarkSweepCompact    | 152      |
———————————————————————————————————————————————
| OLD        | MarkSweepCompact    | 120      |
———————————————————————————————————————————————
| OLD        | MarkSweepCompact    | 119      |
———————————————————————————————————————————————
| OLD        | MarkSweepCompact    | 153      |
———————————————————————————————————————————————
| OLD        | MarkSweepCompact    | 118      |
———————————————————————————————————————————————
| OLD        | MarkSweepCompact    | 119      |
———————————————————————————————————————————————
Caught OutOfMemoryError
Report:
YOUNG: 5
OLD: 9
total duration: 1214ms
total application live time: 65s
